2014-04-22 00:16:17 - com.JDSoftUtil.db.ConnectionPool.<init>(ConnectionPool.java:61) - ConnectionPool created:HMDB,jdbc:mysql://localhost:3306/homeManagerDB?autoReconnect=true
2014-04-22 00:17:08 - com.JDSoftUtil.db.ConnectionPool.<init>(ConnectionPool.java:61) - ConnectionPool created:HMDB,jdbc:mysql://localhost:3306/homeManagerDB?autoReconnect=true
2014-04-22 00:18:20 - com.JDSoftUtil.db.ConnectionPool.<init>(ConnectionPool.java:61) - ConnectionPool created:HMDB,jdbc:mysql://localhost:3306/homeManagerDB?autoReconnect=true
2014-04-22 00:28:54 - com.JDSoftUtil.db.ConnectionPool.<init>(ConnectionPool.java:61) - ConnectionPool created:HMDB,jdbc:mysql://localhost:3306/homeManagerDB?autoReconnect=true
2014-04-22 00:37:03 - com.JDSoftUtil.db.ConnectionPool.<init>(ConnectionPool.java:61) - ConnectionPool created:HMDB,jdbc:mysql://localhost:3306/homeManagerDB?autoReconnect=true
2014-04-22 00:37:16 - com.jida.user.gui.LoginSR4000.changePanel(LoginSR4000.java:328) - Loading...
2014-04-22 00:37:16 - com.jida.user.gui.LoginSR4000.changePanel(LoginSR4000.java:331) - progressThread start
2014-04-22 00:37:16 - com.jida.MvcProperties.loadFile(MvcProperties.java:858) - MvcProperties:initParam:
java.io.FileNotFoundException: portSetting.ini not exists in E:\Project2014\Project201408\Andi\res
	at com.jida.MvcProperties.loadFile(MvcProperties.java:848)
	at com.jida.MvcProperties.loadColumn(MvcProperties.java:900)
	at com.jida.fee.TableModelFee.<init>(TableModelFee.java:59)
	at com.jida.fee.ViewFeeImpl.<init>(ViewFeeImpl.java:65)
	at com.jida.client.Main.init(Main.java:101)
	at com.jida.client.Main.<init>(Main.java:121)
	at com.jida.client.Main.initApplication(Main.java:141)
	at com.jida.user.gui.LoginSR4000.changePanel(LoginSR4000.java:339)
	at com.jida.user.AuthView$1.actionPerformed(AuthView.java:68)
	at javax.swing.AbstractButton.fireActionPerformed(Unknown Source)
	at javax.swing.AbstractButton$Handler.actionPerformed(Unknown Source)
	at javax.swing.DefaultButtonModel.fireActionPerformed(Unknown Source)
	at javax.swing.DefaultButtonModel.setPressed(Unknown Source)
	at javax.swing.AbstractButton.doClick(Unknown Source)
	at javax.swing.plaf.basic.BasicRootPaneUI$Actions.actionPerformed(Unknown Source)
	at javax.swing.SwingUtilities.notifyAction(Unknown Source)
	at javax.swing.JComponent.processKeyBinding(Unknown Source)
	at javax.swing.KeyboardManager.fireBinding(Unknown Source)
	at javax.swing.KeyboardManager.fireKeyboardAction(Unknown Source)
	at javax.swing.JComponent.processKeyBindingsForAllComponents(Unknown Source)
	at javax.swing.JComponent.processKeyBindings(Unknown Source)
	at javax.swing.JComponent.processKeyEvent(Unknown Source)
	at java.awt.Component.processEvent(Unknown Source)
	at java.awt.Container.processEvent(Unknown Source)
	at java.awt.Component.dispatchEventImpl(Unknown Source)
	at java.awt.Container.dispatchEventImpl(Unknown Source)
	at java.awt.Component.dispatchEvent(Unknown Source)
	at java.awt.KeyboardFocusManager.redispatchEvent(Unknown Source)
	at java.awt.DefaultKeyboardFocusManager.dispatchKeyEvent(Unknown Source)
	at java.awt.DefaultKeyboardFocusManager.preDispatchKeyEvent(Unknown Source)
	at java.awt.DefaultKeyboardFocusManager.typeAheadAssertions(Unknown Source)
	at java.awt.DefaultKeyboardFocusManager.dispatchEvent(Unknown Source)
	at java.awt.Component.dispatchEventImpl(Unknown Source)
	at java.awt.Container.dispatchEventImpl(Unknown Source)
	at java.awt.Window.dispatchEventImpl(Unknown Source)
	at java.awt.Component.dispatchEvent(Unknown Source)
	at java.awt.EventQueue.dispatchEventImpl(Unknown Source)
	at java.awt.EventQueue.access$000(Unknown Source)
	at java.awt.EventQueue$1.run(Unknown Source)
	at java.awt.EventQueue$1.run(Unknown Source)
	at java.security.AccessController.doPrivileged(Native Method)
	at java.security.AccessControlContext$1.doIntersectionPrivilege(Unknown Source)
	at java.security.AccessControlContext$1.doIntersectionPrivilege(Unknown Source)
	at java.awt.EventQueue$2.run(Unknown Source)
	at java.awt.EventQueue$2.run(Unknown Source)
	at java.security.AccessController.doPrivileged(Native Method)
	at java.security.AccessControlContext$1.doIntersectionPrivilege(Unknown Source)
	at java.awt.EventQueue.dispatchEvent(Unknown Source)
	at java.awt.EventDispatchThread.pumpOneEventForFilters(Unknown Source)
	at java.awt.EventDispatchThread.pumpEventsForFilter(Unknown Source)
	at java.awt.EventDispatchThread.pumpEventsForHierarchy(Unknown Source)
	at java.awt.EventDispatchThread.pumpEvents(Unknown Source)
	at java.awt.EventDispatchThread.pumpEvents(Unknown Source)
	at java.awt.EventDispatchThread.run(Unknown Source)
2014-04-22 00:37:16 - com.jida.MvcProperties.loadColumn(MvcProperties.java:909) - java.io.FileNotFoundException: portSetting.ini not exists in E:\Project2014\Project201408\Andi\res
2014-04-22 00:37:56 - com.JDSoftUtil.db.ConnectionPool.<init>(ConnectionPool.java:61) - ConnectionPool created:HMDB,jdbc:mysql://localhost:3306/homeManagerDB?autoReconnect=true
2014-04-22 00:39:48 - com.JDSoftUtil.db.ConnectionPool.<init>(ConnectionPool.java:61) - ConnectionPool created:HMDB,jdbc:mysql://localhost:3306/homeManagerDB?autoReconnect=true
2014-04-22 00:40:59 - com.JDSoftUtil.db.ConnectionPool.<init>(ConnectionPool.java:61) - ConnectionPool created:HMDB,jdbc:mysql://localhost:3306/homeManagerDB?autoReconnect=true
2014-04-22 00:41:34 - com.JDSoftUtil.db.ConnectionPool.<init>(ConnectionPool.java:61) - ConnectionPool created:HMDB,jdbc:mysql://localhost:3306/homeManagerDB?autoReconnect=true
2014-04-22 00:44:08 - com.JDSoftUtil.db.ConnectionPool.<init>(ConnectionPool.java:61) - ConnectionPool created:HMDB,jdbc:mysql://localhost:3306/homeManagerDB?autoReconnect=true
2014-04-22 00:44:14 - com.jida.user.gui.LoginSR4000.changePanel(LoginSR4000.java:328) - Loading...
2014-04-22 00:44:14 - com.jida.user.gui.LoginSR4000.changePanel(LoginSR4000.java:331) - progressThread start
2014-04-22 00:44:14 - com.jida.MvcProperties.loadFile(MvcProperties.java:858) - MvcProperties:initParam:
java.io.FileNotFoundException: portSetting.ini not exists in E:\Project2014\Project201408\Andi\res
	at com.jida.MvcProperties.loadFile(MvcProperties.java:848)
	at com.jida.MvcProperties.loadColumn(MvcProperties.java:900)
	at com.jida.fee.TableModelFee.<init>(TableModelFee.java:59)
	at com.jida.fee.ViewFeeImpl.<init>(ViewFeeImpl.java:65)
	at com.jida.client.Main.init(Main.java:101)
	at com.jida.client.Main.<init>(Main.java:121)
	at com.jida.client.Main.initApplication(Main.java:141)
	at com.jida.user.gui.LoginSR4000.changePanel(LoginSR4000.java:339)
	at com.jida.user.AuthView$1.actionPerformed(AuthView.java:68)
	at javax.swing.AbstractButton.fireActionPerformed(Unknown Source)
	at javax.swing.AbstractButton$Handler.actionPerformed(Unknown Source)
	at javax.swing.DefaultButtonModel.fireActionPerformed(Unknown Source)
	at javax.swing.DefaultButtonModel.setPressed(Unknown Source)
	at javax.swing.AbstractButton.doClick(Unknown Source)
	at javax.swing.plaf.basic.BasicRootPaneUI$Actions.actionPerformed(Unknown Source)
	at javax.swing.SwingUtilities.notifyAction(Unknown Source)
	at javax.swing.JComponent.processKeyBinding(Unknown Source)
	at javax.swing.KeyboardManager.fireBinding(Unknown Source)
	at javax.swing.KeyboardManager.fireKeyboardAction(Unknown Source)
	at javax.swing.JComponent.processKeyBindingsForAllComponents(Unknown Source)
	at javax.swing.JComponent.processKeyBindings(Unknown Source)
	at javax.swing.JComponent.processKeyEvent(Unknown Source)
	at java.awt.Component.processEvent(Unknown Source)
	at java.awt.Container.processEvent(Unknown Source)
	at java.awt.Component.dispatchEventImpl(Unknown Source)
	at java.awt.Container.dispatchEventImpl(Unknown Source)
	at java.awt.Component.dispatchEvent(Unknown Source)
	at java.awt.KeyboardFocusManager.redispatchEvent(Unknown Source)
	at java.awt.DefaultKeyboardFocusManager.dispatchKeyEvent(Unknown Source)
	at java.awt.DefaultKeyboardFocusManager.preDispatchKeyEvent(Unknown Source)
	at java.awt.DefaultKeyboardFocusManager.typeAheadAssertions(Unknown Source)
	at java.awt.DefaultKeyboardFocusManager.dispatchEvent(Unknown Source)
	at java.awt.Component.dispatchEventImpl(Unknown Source)
	at java.awt.Container.dispatchEventImpl(Unknown Source)
	at java.awt.Window.dispatchEventImpl(Unknown Source)
	at java.awt.Component.dispatchEvent(Unknown Source)
	at java.awt.EventQueue.dispatchEventImpl(Unknown Source)
	at java.awt.EventQueue.access$000(Unknown Source)
	at java.awt.EventQueue$1.run(Unknown Source)
	at java.awt.EventQueue$1.run(Unknown Source)
	at java.security.AccessController.doPrivileged(Native Method)
	at java.security.AccessControlContext$1.doIntersectionPrivilege(Unknown Source)
	at java.security.AccessControlContext$1.doIntersectionPrivilege(Unknown Source)
	at java.awt.EventQueue$2.run(Unknown Source)
	at java.awt.EventQueue$2.run(Unknown Source)
	at java.security.AccessController.doPrivileged(Native Method)
	at java.security.AccessControlContext$1.doIntersectionPrivilege(Unknown Source)
	at java.awt.EventQueue.dispatchEvent(Unknown Source)
	at java.awt.EventDispatchThread.pumpOneEventForFilters(Unknown Source)
	at java.awt.EventDispatchThread.pumpEventsForFilter(Unknown Source)
	at java.awt.EventDispatchThread.pumpEventsForHierarchy(Unknown Source)
	at java.awt.EventDispatchThread.pumpEvents(Unknown Source)
	at java.awt.EventDispatchThread.pumpEvents(Unknown Source)
	at java.awt.EventDispatchThread.run(Unknown Source)
2014-04-22 00:44:14 - com.jida.MvcProperties.loadColumn(MvcProperties.java:909) - java.io.FileNotFoundException: portSetting.ini not exists in E:\Project2014\Project201408\Andi\res
2014-04-22 00:44:52 - com.JDSoftUtil.db.ConnectionPool.<init>(ConnectionPool.java:61) - ConnectionPool created:HMDB,jdbc:mysql://localhost:3306/homeManagerDB?autoReconnect=true
2014-04-22 00:45:59 - com.JDSoftUtil.db.ConnectionPool.<init>(ConnectionPool.java:61) - ConnectionPool created:HMDB,jdbc:mysql://localhost:3306/homeManagerDB?autoReconnect=true
2014-04-22 00:46:06 - com.jida.user.gui.LoginSR4000.changePanel(LoginSR4000.java:328) - Loading...
2014-04-22 00:46:06 - com.jida.user.gui.LoginSR4000.changePanel(LoginSR4000.java:331) - progressThread start
2014-04-22 00:46:06 - com.jida.MvcProperties.loadFile(MvcProperties.java:858) - MvcProperties:initParam:
java.io.FileNotFoundException: portSetting.ini not exists in E:\Project2014\Project201408\Andi\res
	at com.jida.MvcProperties.loadFile(MvcProperties.java:848)
	at com.jida.MvcProperties.loadColumn(MvcProperties.java:900)
	at com.jida.fee.TableModelFee.<init>(TableModelFee.java:59)
	at com.jida.fee.ViewFeeImpl.<init>(ViewFeeImpl.java:65)
	at com.jida.client.Main.init(Main.java:101)
	at com.jida.client.Main.<init>(Main.java:121)
	at com.jida.client.Main.initApplication(Main.java:141)
	at com.jida.user.gui.LoginSR4000.changePanel(LoginSR4000.java:339)
	at com.jida.user.AuthView$1.actionPerformed(AuthView.java:68)
	at javax.swing.AbstractButton.fireActionPerformed(Unknown Source)
	at javax.swing.AbstractButton$Handler.actionPerformed(Unknown Source)
	at javax.swing.DefaultButtonModel.fireActionPerformed(Unknown Source)
	at javax.swing.DefaultButtonModel.setPressed(Unknown Source)
	at javax.swing.AbstractButton.doClick(Unknown Source)
	at javax.swing.plaf.basic.BasicRootPaneUI$Actions.actionPerformed(Unknown Source)
	at javax.swing.SwingUtilities.notifyAction(Unknown Source)
	at javax.swing.JComponent.processKeyBinding(Unknown Source)
	at javax.swing.KeyboardManager.fireBinding(Unknown Source)
	at javax.swing.KeyboardManager.fireKeyboardAction(Unknown Source)
	at javax.swing.JComponent.processKeyBindingsForAllComponents(Unknown Source)
	at javax.swing.JComponent.processKeyBindings(Unknown Source)
	at javax.swing.JComponent.processKeyEvent(Unknown Source)
	at java.awt.Component.processEvent(Unknown Source)
	at java.awt.Container.processEvent(Unknown Source)
	at java.awt.Component.dispatchEventImpl(Unknown Source)
	at java.awt.Container.dispatchEventImpl(Unknown Source)
	at java.awt.Component.dispatchEvent(Unknown Source)
	at java.awt.KeyboardFocusManager.redispatchEvent(Unknown Source)
	at java.awt.DefaultKeyboardFocusManager.dispatchKeyEvent(Unknown Source)
	at java.awt.DefaultKeyboardFocusManager.preDispatchKeyEvent(Unknown Source)
	at java.awt.DefaultKeyboardFocusManager.typeAheadAssertions(Unknown Source)
	at java.awt.DefaultKeyboardFocusManager.dispatchEvent(Unknown Source)
	at java.awt.Component.dispatchEventImpl(Unknown Source)
	at java.awt.Container.dispatchEventImpl(Unknown Source)
	at java.awt.Window.dispatchEventImpl(Unknown Source)
	at java.awt.Component.dispatchEvent(Unknown Source)
	at java.awt.EventQueue.dispatchEventImpl(Unknown Source)
	at java.awt.EventQueue.access$000(Unknown Source)
	at java.awt.EventQueue$1.run(Unknown Source)
	at java.awt.EventQueue$1.run(Unknown Source)
	at java.security.AccessController.doPrivileged(Native Method)
	at java.security.AccessControlContext$1.doIntersectionPrivilege(Unknown Source)
	at java.security.AccessControlContext$1.doIntersectionPrivilege(Unknown Source)
	at java.awt.EventQueue$2.run(Unknown Source)
	at java.awt.EventQueue$2.run(Unknown Source)
	at java.security.AccessController.doPrivileged(Native Method)
	at java.security.AccessControlContext$1.doIntersectionPrivilege(Unknown Source)
	at java.awt.EventQueue.dispatchEvent(Unknown Source)
	at java.awt.EventDispatchThread.pumpOneEventForFilters(Unknown Source)
	at java.awt.EventDispatchThread.pumpEventsForFilter(Unknown Source)
	at java.awt.EventDispatchThread.pumpEventsForHierarchy(Unknown Source)
	at java.awt.EventDispatchThread.pumpEvents(Unknown Source)
	at java.awt.EventDispatchThread.pumpEvents(Unknown Source)
	at java.awt.EventDispatchThread.run(Unknown Source)
2014-04-22 00:46:06 - com.jida.MvcProperties.loadColumn(MvcProperties.java:909) - java.io.FileNotFoundException: portSetting.ini not exists in E:\Project2014\Project201408\Andi\res
2014-04-22 00:46:33 - com.JDSoftUtil.db.ConnectionPool.<init>(ConnectionPool.java:61) - ConnectionPool created:HMDB,jdbc:mysql://localhost:3306/homeManagerDB?autoReconnect=true
2014-04-22 00:46:38 - com.jida.user.gui.LoginSR4000.changePanel(LoginSR4000.java:328) - Loading...
2014-04-22 00:46:38 - com.jida.user.gui.LoginSR4000.changePanel(LoginSR4000.java:331) - progressThread start
2014-04-22 00:48:09 - com.JDSoftUtil.db.ConnectionPool.<init>(ConnectionPool.java:61) - ConnectionPool created:HMDB,jdbc:mysql://localhost:3306/homeManagerDB?autoReconnect=true
2014-04-22 00:48:14 - com.jida.user.gui.LoginSR4000.changePanel(LoginSR4000.java:328) - Loading...
2014-04-22 00:48:14 - com.jida.user.gui.LoginSR4000.changePanel(LoginSR4000.java:331) - progressThread start
2014-04-22 00:48:15 - com.jida.MvcProperties.loadFile(MvcProperties.java:858) - MvcProperties:initParam:
java.io.FileNotFoundException: portSetting.ini not exists in E:\Project2014\Project201408\Andi\res
	at com.jida.MvcProperties.loadFile(MvcProperties.java:848)
	at com.jida.MvcProperties.loadColumn(MvcProperties.java:900)
	at com.jida.fee.TableModelFee.<init>(TableModelFee.java:59)
	at com.jida.fee.ViewFeeImpl.<init>(ViewFeeImpl.java:65)
	at com.jida.client.Main.init(Main.java:101)
	at com.jida.client.Main.<init>(Main.java:121)
	at com.jida.client.Main.initApplication(Main.java:141)
	at com.jida.user.gui.LoginSR4000.changePanel(LoginSR4000.java:339)
	at com.jida.user.AuthView$1.actionPerformed(AuthView.java:68)
	at javax.swing.AbstractButton.fireActionPerformed(Unknown Source)
	at javax.swing.AbstractButton$Handler.actionPerformed(Unknown Source)
	at javax.swing.DefaultButtonModel.fireActionPerformed(Unknown Source)
	at javax.swing.DefaultButtonModel.setPressed(Unknown Source)
	at javax.swing.AbstractButton.doClick(Unknown Source)
	at javax.swing.plaf.basic.BasicRootPaneUI$Actions.actionPerformed(Unknown Source)
	at javax.swing.SwingUtilities.notifyAction(Unknown Source)
	at javax.swing.JComponent.processKeyBinding(Unknown Source)
	at javax.swing.KeyboardManager.fireBinding(Unknown Source)
	at javax.swing.KeyboardManager.fireKeyboardAction(Unknown Source)
	at javax.swing.JComponent.processKeyBindingsForAllComponents(Unknown Source)
	at javax.swing.JComponent.processKeyBindings(Unknown Source)
	at javax.swing.JComponent.processKeyEvent(Unknown Source)
	at java.awt.Component.processEvent(Unknown Source)
	at java.awt.Container.processEvent(Unknown Source)
	at java.awt.Component.dispatchEventImpl(Unknown Source)
	at java.awt.Container.dispatchEventImpl(Unknown Source)
	at java.awt.Component.dispatchEvent(Unknown Source)
	at java.awt.KeyboardFocusManager.redispatchEvent(Unknown Source)
	at java.awt.DefaultKeyboardFocusManager.dispatchKeyEvent(Unknown Source)
	at java.awt.DefaultKeyboardFocusManager.preDispatchKeyEvent(Unknown Source)
	at java.awt.DefaultKeyboardFocusManager.typeAheadAssertions(Unknown Source)
	at java.awt.DefaultKeyboardFocusManager.dispatchEvent(Unknown Source)
	at java.awt.Component.dispatchEventImpl(Unknown Source)
	at java.awt.Container.dispatchEventImpl(Unknown Source)
	at java.awt.Window.dispatchEventImpl(Unknown Source)
	at java.awt.Component.dispatchEvent(Unknown Source)
	at java.awt.EventQueue.dispatchEventImpl(Unknown Source)
	at java.awt.EventQueue.access$000(Unknown Source)
	at java.awt.EventQueue$1.run(Unknown Source)
	at java.awt.EventQueue$1.run(Unknown Source)
	at java.security.AccessController.doPrivileged(Native Method)
	at java.security.AccessControlContext$1.doIntersectionPrivilege(Unknown Source)
	at java.security.AccessControlContext$1.doIntersectionPrivilege(Unknown Source)
	at java.awt.EventQueue$2.run(Unknown Source)
	at java.awt.EventQueue$2.run(Unknown Source)
	at java.security.AccessController.doPrivileged(Native Method)
	at java.security.AccessControlContext$1.doIntersectionPrivilege(Unknown Source)
	at java.awt.EventQueue.dispatchEvent(Unknown Source)
	at java.awt.EventDispatchThread.pumpOneEventForFilters(Unknown Source)
	at java.awt.EventDispatchThread.pumpEventsForFilter(Unknown Source)
	at java.awt.EventDispatchThread.pumpEventsForHierarchy(Unknown Source)
	at java.awt.EventDispatchThread.pumpEvents(Unknown Source)
	at java.awt.EventDispatchThread.pumpEvents(Unknown Source)
	at java.awt.EventDispatchThread.run(Unknown Source)
2014-04-22 00:48:15 - com.jida.MvcProperties.loadColumn(MvcProperties.java:909) - java.io.FileNotFoundException: portSetting.ini not exists in E:\Project2014\Project201408\Andi\res
2014-04-22 00:48:47 - com.JDSoftUtil.db.ConnectionPool.<init>(ConnectionPool.java:61) - ConnectionPool created:HMDB,jdbc:mysql://localhost:3306/homeManagerDB?autoReconnect=true
2014-04-22 00:48:53 - com.jida.user.gui.LoginSR4000.changePanel(LoginSR4000.java:328) - Loading...
2014-04-22 00:48:53 - com.jida.user.gui.LoginSR4000.changePanel(LoginSR4000.java:331) - progressThread start
2014-04-22 00:48:53 - com.jida.MvcProperties.loadFile(MvcProperties.java:858) - MvcProperties:initParam:
java.io.FileNotFoundException: portSetting.ini not exists in E:\Project2014\Project201408\Andi\res
	at com.jida.MvcProperties.loadFile(MvcProperties.java:848)
	at com.jida.MvcProperties.loadColumn(MvcProperties.java:900)
	at com.jida.fee.TableModelFee.<init>(TableModelFee.java:59)
	at com.jida.fee.ViewFeeImpl.<init>(ViewFeeImpl.java:65)
	at com.jida.client.Main.init(Main.java:101)
	at com.jida.client.Main.<init>(Main.java:121)
	at com.jida.client.Main.initApplication(Main.java:141)
	at com.jida.user.gui.LoginSR4000.changePanel(LoginSR4000.java:339)
	at com.jida.user.AuthView$1.actionPerformed(AuthView.java:68)
	at javax.swing.AbstractButton.fireActionPerformed(Unknown Source)
	at javax.swing.AbstractButton$Handler.actionPerformed(Unknown Source)
	at javax.swing.DefaultButtonModel.fireActionPerformed(Unknown Source)
	at javax.swing.DefaultButtonModel.setPressed(Unknown Source)
	at javax.swing.AbstractButton.doClick(Unknown Source)
	at javax.swing.plaf.basic.BasicRootPaneUI$Actions.actionPerformed(Unknown Source)
	at javax.swing.SwingUtilities.notifyAction(Unknown Source)
	at javax.swing.JComponent.processKeyBinding(Unknown Source)
	at javax.swing.KeyboardManager.fireBinding(Unknown Source)
	at javax.swing.KeyboardManager.fireKeyboardAction(Unknown Source)
	at javax.swing.JComponent.processKeyBindingsForAllComponents(Unknown Source)
	at javax.swing.JComponent.processKeyBindings(Unknown Source)
	at javax.swing.JComponent.processKeyEvent(Unknown Source)
	at java.awt.Component.processEvent(Unknown Source)
	at java.awt.Container.processEvent(Unknown Source)
	at java.awt.Component.dispatchEventImpl(Unknown Source)
	at java.awt.Container.dispatchEventImpl(Unknown Source)
	at java.awt.Component.dispatchEvent(Unknown Source)
	at java.awt.KeyboardFocusManager.redispatchEvent(Unknown Source)
	at java.awt.DefaultKeyboardFocusManager.dispatchKeyEvent(Unknown Source)
	at java.awt.DefaultKeyboardFocusManager.preDispatchKeyEvent(Unknown Source)
	at java.awt.DefaultKeyboardFocusManager.typeAheadAssertions(Unknown Source)
	at java.awt.DefaultKeyboardFocusManager.dispatchEvent(Unknown Source)
	at java.awt.Component.dispatchEventImpl(Unknown Source)
	at java.awt.Container.dispatchEventImpl(Unknown Source)
	at java.awt.Window.dispatchEventImpl(Unknown Source)
	at java.awt.Component.dispatchEvent(Unknown Source)
	at java.awt.EventQueue.dispatchEventImpl(Unknown Source)
	at java.awt.EventQueue.access$000(Unknown Source)
	at java.awt.EventQueue$1.run(Unknown Source)
	at java.awt.EventQueue$1.run(Unknown Source)
	at java.security.AccessController.doPrivileged(Native Method)
	at java.security.AccessControlContext$1.doIntersectionPrivilege(Unknown Source)
	at java.security.AccessControlContext$1.doIntersectionPrivilege(Unknown Source)
	at java.awt.EventQueue$2.run(Unknown Source)
	at java.awt.EventQueue$2.run(Unknown Source)
	at java.security.AccessController.doPrivileged(Native Method)
	at java.security.AccessControlContext$1.doIntersectionPrivilege(Unknown Source)
	at java.awt.EventQueue.dispatchEvent(Unknown Source)
	at java.awt.EventDispatchThread.pumpOneEventForFilters(Unknown Source)
	at java.awt.EventDispatchThread.pumpEventsForFilter(Unknown Source)
	at java.awt.EventDispatchThread.pumpEventsForHierarchy(Unknown Source)
	at java.awt.EventDispatchThread.pumpEvents(Unknown Source)
	at java.awt.EventDispatchThread.pumpEvents(Unknown Source)
	at java.awt.EventDispatchThread.run(Unknown Source)
2014-04-22 00:48:53 - com.jida.MvcProperties.loadColumn(MvcProperties.java:909) - java.io.FileNotFoundException: portSetting.ini not exists in E:\Project2014\Project201408\Andi\res
2014-04-22 06:59:44 - com.JDSoftUtil.db.ConnectionPool.<init>(ConnectionPool.java:61) - ConnectionPool created:HMDB,jdbc:mysql://localhost:3306/homeManagerDB?autoReconnect=true
2014-04-22 06:59:51 - com.jida.user.gui.LoginSR4000.changePanel(LoginSR4000.java:328) - Loading...
2014-04-22 06:59:51 - com.jida.user.gui.LoginSR4000.changePanel(LoginSR4000.java:331) - progressThread start
2014-04-22 06:59:51 - com.jida.MvcProperties.loadFile(MvcProperties.java:858) - MvcProperties:initParam:
java.io.FileNotFoundException: portSetting.ini not exists in E:\Project2014\Project201408\Andi\res
	at com.jida.MvcProperties.loadFile(MvcProperties.java:848)
	at com.jida.MvcProperties.loadColumn(MvcProperties.java:900)
	at com.jida.fee.TableModelFee.<init>(TableModelFee.java:59)
	at com.jida.fee.ViewFeeImpl.<init>(ViewFeeImpl.java:65)
	at com.jida.client.Main.init(Main.java:101)
	at com.jida.client.Main.<init>(Main.java:121)
	at com.jida.client.Main.initApplication(Main.java:141)
	at com.jida.user.gui.LoginSR4000.changePanel(LoginSR4000.java:339)
	at com.jida.user.AuthView$1.actionPerformed(AuthView.java:68)
	at javax.swing.AbstractButton.fireActionPerformed(Unknown Source)
	at javax.swing.AbstractButton$Handler.actionPerformed(Unknown Source)
	at javax.swing.DefaultButtonModel.fireActionPerformed(Unknown Source)
	at javax.swing.DefaultButtonModel.setPressed(Unknown Source)
	at javax.swing.AbstractButton.doClick(Unknown Source)
	at javax.swing.plaf.basic.BasicRootPaneUI$Actions.actionPerformed(Unknown Source)
	at javax.swing.SwingUtilities.notifyAction(Unknown Source)
	at javax.swing.JComponent.processKeyBinding(Unknown Source)
	at javax.swing.KeyboardManager.fireBinding(Unknown Source)
	at javax.swing.KeyboardManager.fireKeyboardAction(Unknown Source)
	at javax.swing.JComponent.processKeyBindingsForAllComponents(Unknown Source)
	at javax.swing.JComponent.processKeyBindings(Unknown Source)
	at javax.swing.JComponent.processKeyEvent(Unknown Source)
	at java.awt.Component.processEvent(Unknown Source)
	at java.awt.Container.processEvent(Unknown Source)
	at java.awt.Component.dispatchEventImpl(Unknown Source)
	at java.awt.Container.dispatchEventImpl(Unknown Source)
	at java.awt.Component.dispatchEvent(Unknown Source)
	at java.awt.KeyboardFocusManager.redispatchEvent(Unknown Source)
	at java.awt.DefaultKeyboardFocusManager.dispatchKeyEvent(Unknown Source)
	at java.awt.DefaultKeyboardFocusManager.preDispatchKeyEvent(Unknown Source)
	at java.awt.DefaultKeyboardFocusManager.typeAheadAssertions(Unknown Source)
	at java.awt.DefaultKeyboardFocusManager.dispatchEvent(Unknown Source)
	at java.awt.Component.dispatchEventImpl(Unknown Source)
	at java.awt.Container.dispatchEventImpl(Unknown Source)
	at java.awt.Window.dispatchEventImpl(Unknown Source)
	at java.awt.Component.dispatchEvent(Unknown Source)
	at java.awt.EventQueue.dispatchEventImpl(Unknown Source)
	at java.awt.EventQueue.access$000(Unknown Source)
	at java.awt.EventQueue$1.run(Unknown Source)
	at java.awt.EventQueue$1.run(Unknown Source)
	at java.security.AccessController.doPrivileged(Native Method)
	at java.security.AccessControlContext$1.doIntersectionPrivilege(Unknown Source)
	at java.security.AccessControlContext$1.doIntersectionPrivilege(Unknown Source)
	at java.awt.EventQueue$2.run(Unknown Source)
	at java.awt.EventQueue$2.run(Unknown Source)
	at java.security.AccessController.doPrivileged(Native Method)
	at java.security.AccessControlContext$1.doIntersectionPrivilege(Unknown Source)
	at java.awt.EventQueue.dispatchEvent(Unknown Source)
	at java.awt.EventDispatchThread.pumpOneEventForFilters(Unknown Source)
	at java.awt.EventDispatchThread.pumpEventsForFilter(Unknown Source)
	at java.awt.EventDispatchThread.pumpEventsForHierarchy(Unknown Source)
	at java.awt.EventDispatchThread.pumpEvents(Unknown Source)
	at java.awt.EventDispatchThread.pumpEvents(Unknown Source)
	at java.awt.EventDispatchThread.run(Unknown Source)
2014-04-22 06:59:51 - com.jida.MvcProperties.loadColumn(MvcProperties.java:909) - java.io.FileNotFoundException: portSetting.ini not exists in E:\Project2014\Project201408\Andi\res
2014-04-22 07:00:28 - com.JDSoftUtil.db.ConnectionPool.<init>(ConnectionPool.java:61) - ConnectionPool created:HMDB,jdbc:mysql://localhost:3306/homeManagerDB?autoReconnect=true
2014-04-22 07:00:32 - com.jida.user.gui.LoginSR4000.changePanel(LoginSR4000.java:328) - Loading...
2014-04-22 07:00:32 - com.jida.user.gui.LoginSR4000.changePanel(LoginSR4000.java:331) - progressThread start
2014-04-22 07:00:33 - com.jida.MvcProperties.loadFile(MvcProperties.java:858) - MvcProperties:initParam:
java.io.FileNotFoundException: portSetting.ini not exists in E:\Project2014\Project201408\Andi\res
	at com.jida.MvcProperties.loadFile(MvcProperties.java:848)
	at com.jida.MvcProperties.loadColumn(MvcProperties.java:900)
	at com.jida.fee.TableModelFee.<init>(TableModelFee.java:59)
	at com.jida.fee.ViewFeeImpl.<init>(ViewFeeImpl.java:65)
	at com.jida.client.Main.init(Main.java:101)
	at com.jida.client.Main.<init>(Main.java:121)
	at com.jida.client.Main.initApplication(Main.java:141)
	at com.jida.user.gui.LoginSR4000.changePanel(LoginSR4000.java:339)
	at com.jida.user.AuthView$1.actionPerformed(AuthView.java:68)
	at javax.swing.AbstractButton.fireActionPerformed(Unknown Source)
	at javax.swing.AbstractButton$Handler.actionPerformed(Unknown Source)
	at javax.swing.DefaultButtonModel.fireActionPerformed(Unknown Source)
	at javax.swing.DefaultButtonModel.setPressed(Unknown Source)
	at javax.swing.AbstractButton.doClick(Unknown Source)
	at javax.swing.plaf.basic.BasicRootPaneUI$Actions.actionPerformed(Unknown Source)
	at javax.swing.SwingUtilities.notifyAction(Unknown Source)
	at javax.swing.JComponent.processKeyBinding(Unknown Source)
	at javax.swing.KeyboardManager.fireBinding(Unknown Source)
	at javax.swing.KeyboardManager.fireKeyboardAction(Unknown Source)
	at javax.swing.JComponent.processKeyBindingsForAllComponents(Unknown Source)
	at javax.swing.JComponent.processKeyBindings(Unknown Source)
	at javax.swing.JComponent.processKeyEvent(Unknown Source)
	at java.awt.Component.processEvent(Unknown Source)
	at java.awt.Container.processEvent(Unknown Source)
	at java.awt.Component.dispatchEventImpl(Unknown Source)
	at java.awt.Container.dispatchEventImpl(Unknown Source)
	at java.awt.Component.dispatchEvent(Unknown Source)
	at java.awt.KeyboardFocusManager.redispatchEvent(Unknown Source)
	at java.awt.DefaultKeyboardFocusManager.dispatchKeyEvent(Unknown Source)
	at java.awt.DefaultKeyboardFocusManager.preDispatchKeyEvent(Unknown Source)
	at java.awt.DefaultKeyboardFocusManager.typeAheadAssertions(Unknown Source)
	at java.awt.DefaultKeyboardFocusManager.dispatchEvent(Unknown Source)
	at java.awt.Component.dispatchEventImpl(Unknown Source)
	at java.awt.Container.dispatchEventImpl(Unknown Source)
	at java.awt.Window.dispatchEventImpl(Unknown Source)
	at java.awt.Component.dispatchEvent(Unknown Source)
	at java.awt.EventQueue.dispatchEventImpl(Unknown Source)
	at java.awt.EventQueue.access$000(Unknown Source)
	at java.awt.EventQueue$1.run(Unknown Source)
	at java.awt.EventQueue$1.run(Unknown Source)
	at java.security.AccessController.doPrivileged(Native Method)
	at java.security.AccessControlContext$1.doIntersectionPrivilege(Unknown Source)
	at java.security.AccessControlContext$1.doIntersectionPrivilege(Unknown Source)
	at java.awt.EventQueue$2.run(Unknown Source)
	at java.awt.EventQueue$2.run(Unknown Source)
	at java.security.AccessController.doPrivileged(Native Method)
	at java.security.AccessControlContext$1.doIntersectionPrivilege(Unknown Source)
	at java.awt.EventQueue.dispatchEvent(Unknown Source)
	at java.awt.EventDispatchThread.pumpOneEventForFilters(Unknown Source)
	at java.awt.EventDispatchThread.pumpEventsForFilter(Unknown Source)
	at java.awt.EventDispatchThread.pumpEventsForHierarchy(Unknown Source)
	at java.awt.EventDispatchThread.pumpEvents(Unknown Source)
	at java.awt.EventDispatchThread.pumpEvents(Unknown Source)
	at java.awt.EventDispatchThread.run(Unknown Source)
2014-04-22 07:00:33 - com.jida.MvcProperties.loadColumn(MvcProperties.java:909) - java.io.FileNotFoundException: portSetting.ini not exists in E:\Project2014\Project201408\Andi\res
2014-04-22 07:06:21 - com.JDSoftUtil.db.ConnectionPool.<init>(ConnectionPool.java:61) - ConnectionPool created:HMDB,jdbc:mysql://localhost:3306/homeManagerDB?autoReconnect=true
2014-04-22 07:06:37 - com.jida.user.gui.LoginSR4000.changePanel(LoginSR4000.java:328) - Loading...
2014-04-22 07:06:37 - com.jida.user.gui.LoginSR4000.changePanel(LoginSR4000.java:331) - progressThread start
2014-04-22 07:06:38 - com.jida.MvcProperties.loadFile(MvcProperties.java:858) - MvcProperties:initParam:
java.io.FileNotFoundException: portSetting.ini not exists in E:\Project2014\Project201408\Andi\res
	at com.jida.MvcProperties.loadFile(MvcProperties.java:848)
	at com.jida.MvcProperties.loadColumn(MvcProperties.java:900)
	at com.jida.fee.TableModelFee.<init>(TableModelFee.java:59)
	at com.jida.fee.ViewFeeImpl.<init>(ViewFeeImpl.java:65)
	at com.jida.client.Main.init(Main.java:101)
	at com.jida.client.Main.<init>(Main.java:121)
	at com.jida.client.Main.initApplication(Main.java:141)
	at com.jida.user.gui.LoginSR4000.changePanel(LoginSR4000.java:339)
	at com.jida.user.AuthView$1.actionPerformed(AuthView.java:68)
	at javax.swing.AbstractButton.fireActionPerformed(Unknown Source)
	at javax.swing.AbstractButton$Handler.actionPerformed(Unknown Source)
	at javax.swing.DefaultButtonModel.fireActionPerformed(Unknown Source)
	at javax.swing.DefaultButtonModel.setPressed(Unknown Source)
	at javax.swing.AbstractButton.doClick(Unknown Source)
	at javax.swing.plaf.basic.BasicRootPaneUI$Actions.actionPerformed(Unknown Source)
	at javax.swing.SwingUtilities.notifyAction(Unknown Source)
	at javax.swing.JComponent.processKeyBinding(Unknown Source)
	at javax.swing.KeyboardManager.fireBinding(Unknown Source)
	at javax.swing.KeyboardManager.fireKeyboardAction(Unknown Source)
	at javax.swing.JComponent.processKeyBindingsForAllComponents(Unknown Source)
	at javax.swing.JComponent.processKeyBindings(Unknown Source)
	at javax.swing.JComponent.processKeyEvent(Unknown Source)
	at java.awt.Component.processEvent(Unknown Source)
	at java.awt.Container.processEvent(Unknown Source)
	at java.awt.Component.dispatchEventImpl(Unknown Source)
	at java.awt.Container.dispatchEventImpl(Unknown Source)
	at java.awt.Component.dispatchEvent(Unknown Source)
	at java.awt.KeyboardFocusManager.redispatchEvent(Unknown Source)
	at java.awt.DefaultKeyboardFocusManager.dispatchKeyEvent(Unknown Source)
	at java.awt.DefaultKeyboardFocusManager.preDispatchKeyEvent(Unknown Source)
	at java.awt.DefaultKeyboardFocusManager.typeAheadAssertions(Unknown Source)
	at java.awt.DefaultKeyboardFocusManager.dispatchEvent(Unknown Source)
	at java.awt.Component.dispatchEventImpl(Unknown Source)
	at java.awt.Container.dispatchEventImpl(Unknown Source)
	at java.awt.Window.dispatchEventImpl(Unknown Source)
	at java.awt.Component.dispatchEvent(Unknown Source)
	at java.awt.EventQueue.dispatchEventImpl(Unknown Source)
	at java.awt.EventQueue.access$000(Unknown Source)
	at java.awt.EventQueue$1.run(Unknown Source)
	at java.awt.EventQueue$1.run(Unknown Source)
	at java.security.AccessController.doPrivileged(Native Method)
	at java.security.AccessControlContext$1.doIntersectionPrivilege(Unknown Source)
	at java.security.AccessControlContext$1.doIntersectionPrivilege(Unknown Source)
	at java.awt.EventQueue$2.run(Unknown Source)
	at java.awt.EventQueue$2.run(Unknown Source)
	at java.security.AccessController.doPrivileged(Native Method)
	at java.security.AccessControlContext$1.doIntersectionPrivilege(Unknown Source)
	at java.awt.EventQueue.dispatchEvent(Unknown Source)
	at java.awt.EventDispatchThread.pumpOneEventForFilters(Unknown Source)
	at java.awt.EventDispatchThread.pumpEventsForFilter(Unknown Source)
	at java.awt.EventDispatchThread.pumpEventsForHierarchy(Unknown Source)
	at java.awt.EventDispatchThread.pumpEvents(Unknown Source)
	at java.awt.EventDispatchThread.pumpEvents(Unknown Source)
	at java.awt.EventDispatchThread.run(Unknown Source)
2014-04-22 07:06:38 - com.jida.MvcProperties.loadColumn(MvcProperties.java:909) - java.io.FileNotFoundException: portSetting.ini not exists in E:\Project2014\Project201408\Andi\res
2014-04-22 07:14:48 - com.JDSoftUtil.db.ConnectionPool.<init>(ConnectionPool.java:61) - ConnectionPool created:HMDB,jdbc:mysql://localhost:3306/homeManagerDB?autoReconnect=true
2014-04-22 07:14:53 - com.jida.user.gui.LoginSR4000.changePanel(LoginSR4000.java:328) - Loading...
2014-04-22 07:14:53 - com.jida.user.gui.LoginSR4000.changePanel(LoginSR4000.java:331) - progressThread start
2014-04-22 07:14:53 - com.jida.MvcProperties.loadFile(MvcProperties.java:858) - MvcProperties:initParam:
java.io.FileNotFoundException: portSetting.ini not exists in E:\Project2014\Project201408\Andi\res
	at com.jida.MvcProperties.loadFile(MvcProperties.java:848)
	at com.jida.MvcProperties.loadColumn(MvcProperties.java:900)
	at com.jida.fee.TableModelFee.<init>(TableModelFee.java:59)
	at com.jida.fee.ViewFeeImpl.<init>(ViewFeeImpl.java:65)
	at com.jida.client.Main.init(Main.java:101)
	at com.jida.client.Main.<init>(Main.java:121)
	at com.jida.client.Main.initApplication(Main.java:141)
	at com.jida.user.gui.LoginSR4000.changePanel(LoginSR4000.java:339)
	at com.jida.user.AuthView$1.actionPerformed(AuthView.java:68)
	at javax.swing.AbstractButton.fireActionPerformed(Unknown Source)
	at javax.swing.AbstractButton$Handler.actionPerformed(Unknown Source)
	at javax.swing.DefaultButtonModel.fireActionPerformed(Unknown Source)
	at javax.swing.DefaultButtonModel.setPressed(Unknown Source)
	at javax.swing.AbstractButton.doClick(Unknown Source)
	at javax.swing.plaf.basic.BasicRootPaneUI$Actions.actionPerformed(Unknown Source)
	at javax.swing.SwingUtilities.notifyAction(Unknown Source)
	at javax.swing.JComponent.processKeyBinding(Unknown Source)
	at javax.swing.KeyboardManager.fireBinding(Unknown Source)
	at javax.swing.KeyboardManager.fireKeyboardAction(Unknown Source)
	at javax.swing.JComponent.processKeyBindingsForAllComponents(Unknown Source)
	at javax.swing.JComponent.processKeyBindings(Unknown Source)
	at javax.swing.JComponent.processKeyEvent(Unknown Source)
	at java.awt.Component.processEvent(Unknown Source)
	at java.awt.Container.processEvent(Unknown Source)
	at java.awt.Component.dispatchEventImpl(Unknown Source)
	at java.awt.Container.dispatchEventImpl(Unknown Source)
	at java.awt.Component.dispatchEvent(Unknown Source)
	at java.awt.KeyboardFocusManager.redispatchEvent(Unknown Source)
	at java.awt.DefaultKeyboardFocusManager.dispatchKeyEvent(Unknown Source)
	at java.awt.DefaultKeyboardFocusManager.preDispatchKeyEvent(Unknown Source)
	at java.awt.DefaultKeyboardFocusManager.typeAheadAssertions(Unknown Source)
	at java.awt.DefaultKeyboardFocusManager.dispatchEvent(Unknown Source)
	at java.awt.Component.dispatchEventImpl(Unknown Source)
	at java.awt.Container.dispatchEventImpl(Unknown Source)
	at java.awt.Window.dispatchEventImpl(Unknown Source)
	at java.awt.Component.dispatchEvent(Unknown Source)
	at java.awt.EventQueue.dispatchEventImpl(Unknown Source)
	at java.awt.EventQueue.access$000(Unknown Source)
	at java.awt.EventQueue$1.run(Unknown Source)
	at java.awt.EventQueue$1.run(Unknown Source)
	at java.security.AccessController.doPrivileged(Native Method)
	at java.security.AccessControlContext$1.doIntersectionPrivilege(Unknown Source)
	at java.security.AccessControlContext$1.doIntersectionPrivilege(Unknown Source)
	at java.awt.EventQueue$2.run(Unknown Source)
	at java.awt.EventQueue$2.run(Unknown Source)
	at java.security.AccessController.doPrivileged(Native Method)
	at java.security.AccessControlContext$1.doIntersectionPrivilege(Unknown Source)
	at java.awt.EventQueue.dispatchEvent(Unknown Source)
	at java.awt.EventDispatchThread.pumpOneEventForFilters(Unknown Source)
	at java.awt.EventDispatchThread.pumpEventsForFilter(Unknown Source)
	at java.awt.EventDispatchThread.pumpEventsForHierarchy(Unknown Source)
	at java.awt.EventDispatchThread.pumpEvents(Unknown Source)
	at java.awt.EventDispatchThread.pumpEvents(Unknown Source)
	at java.awt.EventDispatchThread.run(Unknown Source)
2014-04-22 07:14:53 - com.jida.MvcProperties.loadColumn(MvcProperties.java:909) - java.io.FileNotFoundException: portSetting.ini not exists in E:\Project2014\Project201408\Andi\res
2014-04-22 07:20:09 - com.JDSoftUtil.db.ConnectionPool.<init>(ConnectionPool.java:61) - ConnectionPool created:HMDB,jdbc:mysql://localhost:3306/homeManagerDB?autoReconnect=true
2014-04-22 07:20:20 - com.jida.user.gui.LoginSR4000.changePanel(LoginSR4000.java:328) - Loading...
2014-04-22 07:20:20 - com.jida.user.gui.LoginSR4000.changePanel(LoginSR4000.java:331) - progressThread start
2014-04-22 07:20:20 - com.jida.MvcProperties.loadFile(MvcProperties.java:858) - MvcProperties:initParam:
java.io.FileNotFoundException: portSetting.ini not exists in E:\Project2014\Project201408\Andi\res
	at com.jida.MvcProperties.loadFile(MvcProperties.java:848)
	at com.jida.MvcProperties.loadColumn(MvcProperties.java:900)
	at com.jida.fee.TableModelFee.<init>(TableModelFee.java:59)
	at com.jida.fee.ViewFeeImpl.<init>(ViewFeeImpl.java:65)
	at com.jida.client.Main.init(Main.java:101)
	at com.jida.client.Main.<init>(Main.java:121)
	at com.jida.client.Main.initApplication(Main.java:141)
	at com.jida.user.gui.LoginSR4000.changePanel(LoginSR4000.java:339)
	at com.jida.user.AuthView$1.actionPerformed(AuthView.java:68)
	at javax.swing.AbstractButton.fireActionPerformed(Unknown Source)
	at javax.swing.AbstractButton$Handler.actionPerformed(Unknown Source)
	at javax.swing.DefaultButtonModel.fireActionPerformed(Unknown Source)
	at javax.swing.DefaultButtonModel.setPressed(Unknown Source)
	at javax.swing.AbstractButton.doClick(Unknown Source)
	at javax.swing.plaf.basic.BasicRootPaneUI$Actions.actionPerformed(Unknown Source)
	at javax.swing.SwingUtilities.notifyAction(Unknown Source)
	at javax.swing.JComponent.processKeyBinding(Unknown Source)
	at javax.swing.KeyboardManager.fireBinding(Unknown Source)
	at javax.swing.KeyboardManager.fireKeyboardAction(Unknown Source)
	at javax.swing.JComponent.processKeyBindingsForAllComponents(Unknown Source)
	at javax.swing.JComponent.processKeyBindings(Unknown Source)
	at javax.swing.JComponent.processKeyEvent(Unknown Source)
	at java.awt.Component.processEvent(Unknown Source)
	at java.awt.Container.processEvent(Unknown Source)
	at java.awt.Component.dispatchEventImpl(Unknown Source)
	at java.awt.Container.dispatchEventImpl(Unknown Source)
	at java.awt.Component.dispatchEvent(Unknown Source)
	at java.awt.KeyboardFocusManager.redispatchEvent(Unknown Source)
	at java.awt.DefaultKeyboardFocusManager.dispatchKeyEvent(Unknown Source)
	at java.awt.DefaultKeyboardFocusManager.preDispatchKeyEvent(Unknown Source)
	at java.awt.DefaultKeyboardFocusManager.typeAheadAssertions(Unknown Source)
	at java.awt.DefaultKeyboardFocusManager.dispatchEvent(Unknown Source)
	at java.awt.Component.dispatchEventImpl(Unknown Source)
	at java.awt.Container.dispatchEventImpl(Unknown Source)
	at java.awt.Window.dispatchEventImpl(Unknown Source)
	at java.awt.Component.dispatchEvent(Unknown Source)
	at java.awt.EventQueue.dispatchEventImpl(Unknown Source)
	at java.awt.EventQueue.access$000(Unknown Source)
	at java.awt.EventQueue$1.run(Unknown Source)
	at java.awt.EventQueue$1.run(Unknown Source)
	at java.security.AccessController.doPrivileged(Native Method)
	at java.security.AccessControlContext$1.doIntersectionPrivilege(Unknown Source)
	at java.security.AccessControlContext$1.doIntersectionPrivilege(Unknown Source)
	at java.awt.EventQueue$2.run(Unknown Source)
	at java.awt.EventQueue$2.run(Unknown Source)
	at java.security.AccessController.doPrivileged(Native Method)
	at java.security.AccessControlContext$1.doIntersectionPrivilege(Unknown Source)
	at java.awt.EventQueue.dispatchEvent(Unknown Source)
	at java.awt.EventDispatchThread.pumpOneEventForFilters(Unknown Source)
	at java.awt.EventDispatchThread.pumpEventsForFilter(Unknown Source)
	at java.awt.EventDispatchThread.pumpEventsForHierarchy(Unknown Source)
	at java.awt.EventDispatchThread.pumpEvents(Unknown Source)
	at java.awt.EventDispatchThread.pumpEvents(Unknown Source)
	at java.awt.EventDispatchThread.run(Unknown Source)
2014-04-22 07:20:20 - com.jida.MvcProperties.loadColumn(MvcProperties.java:909) - java.io.FileNotFoundException: portSetting.ini not exists in E:\Project2014\Project201408\Andi\res
2014-04-22 07:28:21 - com.JDSoftUtil.db.ConnectionPool.<init>(ConnectionPool.java:61) - ConnectionPool created:HMDB,jdbc:mysql://localhost:3306/homeManagerDB?autoReconnect=true
2014-04-22 07:28:30 - com.jida.user.gui.LoginSR4000.changePanel(LoginSR4000.java:328) - Loading...
2014-04-22 07:28:30 - com.jida.user.gui.LoginSR4000.changePanel(LoginSR4000.java:331) - progressThread start
2014-04-22 07:28:30 - com.jida.MvcProperties.loadFile(MvcProperties.java:858) - MvcProperties:initParam:
java.io.FileNotFoundException: portSetting.ini not exists in E:\Project2014\Project201408\Andi\res
	at com.jida.MvcProperties.loadFile(MvcProperties.java:848)
	at com.jida.MvcProperties.loadColumn(MvcProperties.java:900)
	at com.jida.fee.TableModelFee.<init>(TableModelFee.java:59)
	at com.jida.fee.ViewFeeImpl.<init>(ViewFeeImpl.java:65)
	at com.jida.client.Main.init(Main.java:101)
	at com.jida.client.Main.<init>(Main.java:121)
	at com.jida.client.Main.initApplication(Main.java:141)
	at com.jida.user.gui.LoginSR4000.changePanel(LoginSR4000.java:339)
	at com.jida.user.AuthView$1.actionPerformed(AuthView.java:68)
	at javax.swing.AbstractButton.fireActionPerformed(Unknown Source)
	at javax.swing.AbstractButton$Handler.actionPerformed(Unknown Source)
	at javax.swing.DefaultButtonModel.fireActionPerformed(Unknown Source)
	at javax.swing.DefaultButtonModel.setPressed(Unknown Source)
	at javax.swing.AbstractButton.doClick(Unknown Source)
	at javax.swing.plaf.basic.BasicRootPaneUI$Actions.actionPerformed(Unknown Source)
	at javax.swing.SwingUtilities.notifyAction(Unknown Source)
	at javax.swing.JComponent.processKeyBinding(Unknown Source)
	at javax.swing.KeyboardManager.fireBinding(Unknown Source)
	at javax.swing.KeyboardManager.fireKeyboardAction(Unknown Source)
	at javax.swing.JComponent.processKeyBindingsForAllComponents(Unknown Source)
	at javax.swing.JComponent.processKeyBindings(Unknown Source)
	at javax.swing.JComponent.processKeyEvent(Unknown Source)
	at java.awt.Component.processEvent(Unknown Source)
	at java.awt.Container.processEvent(Unknown Source)
	at java.awt.Component.dispatchEventImpl(Unknown Source)
	at java.awt.Container.dispatchEventImpl(Unknown Source)
	at java.awt.Component.dispatchEvent(Unknown Source)
	at java.awt.KeyboardFocusManager.redispatchEvent(Unknown Source)
	at java.awt.DefaultKeyboardFocusManager.dispatchKeyEvent(Unknown Source)
	at java.awt.DefaultKeyboardFocusManager.preDispatchKeyEvent(Unknown Source)
	at java.awt.DefaultKeyboardFocusManager.typeAheadAssertions(Unknown Source)
	at java.awt.DefaultKeyboardFocusManager.dispatchEvent(Unknown Source)
	at java.awt.Component.dispatchEventImpl(Unknown Source)
	at java.awt.Container.dispatchEventImpl(Unknown Source)
	at java.awt.Window.dispatchEventImpl(Unknown Source)
	at java.awt.Component.dispatchEvent(Unknown Source)
	at java.awt.EventQueue.dispatchEventImpl(Unknown Source)
	at java.awt.EventQueue.access$000(Unknown Source)
	at java.awt.EventQueue$1.run(Unknown Source)
	at java.awt.EventQueue$1.run(Unknown Source)
	at java.security.AccessController.doPrivileged(Native Method)
	at java.security.AccessControlContext$1.doIntersectionPrivilege(Unknown Source)
	at java.security.AccessControlContext$1.doIntersectionPrivilege(Unknown Source)
	at java.awt.EventQueue$2.run(Unknown Source)
	at java.awt.EventQueue$2.run(Unknown Source)
	at java.security.AccessController.doPrivileged(Native Method)
	at java.security.AccessControlContext$1.doIntersectionPrivilege(Unknown Source)
	at java.awt.EventQueue.dispatchEvent(Unknown Source)
	at java.awt.EventDispatchThread.pumpOneEventForFilters(Unknown Source)
	at java.awt.EventDispatchThread.pumpEventsForFilter(Unknown Source)
	at java.awt.EventDispatchThread.pumpEventsForHierarchy(Unknown Source)
	at java.awt.EventDispatchThread.pumpEvents(Unknown Source)
	at java.awt.EventDispatchThread.pumpEvents(Unknown Source)
	at java.awt.EventDispatchThread.run(Unknown Source)
2014-04-22 07:28:30 - com.jida.MvcProperties.loadColumn(MvcProperties.java:909) - java.io.FileNotFoundException: portSetting.ini not exists in E:\Project2014\Project201408\Andi\res
2014-04-22 07:31:26 - com.JDSoftUtil.db.ConnectionPool.<init>(ConnectionPool.java:61) - ConnectionPool created:HMDB,jdbc:mysql://localhost:3306/homeManagerDB?autoReconnect=true
2014-04-22 07:31:32 - com.jida.user.gui.LoginSR4000.changePanel(LoginSR4000.java:328) - Loading...
2014-04-22 07:31:32 - com.jida.user.gui.LoginSR4000.changePanel(LoginSR4000.java:331) - progressThread start
2014-04-22 07:31:32 - com.jida.MvcProperties.loadFile(MvcProperties.java:858) - MvcProperties:initParam:
java.io.FileNotFoundException: portSetting.ini not exists in E:\Project2014\Project201408\Andi\res
	at com.jida.MvcProperties.loadFile(MvcProperties.java:848)
	at com.jida.MvcProperties.loadColumn(MvcProperties.java:900)
	at com.jida.fee.TableModelFee.<init>(TableModelFee.java:59)
	at com.jida.fee.ViewFeeImpl.<init>(ViewFeeImpl.java:65)
	at com.jida.client.Main.init(Main.java:101)
	at com.jida.client.Main.<init>(Main.java:121)
	at com.jida.client.Main.initApplication(Main.java:141)
	at com.jida.user.gui.LoginSR4000.changePanel(LoginSR4000.java:339)
	at com.jida.user.AuthView$1.actionPerformed(AuthView.java:68)
	at javax.swing.AbstractButton.fireActionPerformed(Unknown Source)
	at javax.swing.AbstractButton$Handler.actionPerformed(Unknown Source)
	at javax.swing.DefaultButtonModel.fireActionPerformed(Unknown Source)
	at javax.swing.DefaultButtonModel.setPressed(Unknown Source)
	at javax.swing.AbstractButton.doClick(Unknown Source)
	at javax.swing.plaf.basic.BasicRootPaneUI$Actions.actionPerformed(Unknown Source)
	at javax.swing.SwingUtilities.notifyAction(Unknown Source)
	at javax.swing.JComponent.processKeyBinding(Unknown Source)
	at javax.swing.KeyboardManager.fireBinding(Unknown Source)
	at javax.swing.KeyboardManager.fireKeyboardAction(Unknown Source)
	at javax.swing.JComponent.processKeyBindingsForAllComponents(Unknown Source)
	at javax.swing.JComponent.processKeyBindings(Unknown Source)
	at javax.swing.JComponent.processKeyEvent(Unknown Source)
	at java.awt.Component.processEvent(Unknown Source)
	at java.awt.Container.processEvent(Unknown Source)
	at java.awt.Component.dispatchEventImpl(Unknown Source)
	at java.awt.Container.dispatchEventImpl(Unknown Source)
	at java.awt.Component.dispatchEvent(Unknown Source)
	at java.awt.KeyboardFocusManager.redispatchEvent(Unknown Source)
	at java.awt.DefaultKeyboardFocusManager.dispatchKeyEvent(Unknown Source)
	at java.awt.DefaultKeyboardFocusManager.preDispatchKeyEvent(Unknown Source)
	at java.awt.DefaultKeyboardFocusManager.typeAheadAssertions(Unknown Source)
	at java.awt.DefaultKeyboardFocusManager.dispatchEvent(Unknown Source)
	at java.awt.Component.dispatchEventImpl(Unknown Source)
	at java.awt.Container.dispatchEventImpl(Unknown Source)
	at java.awt.Window.dispatchEventImpl(Unknown Source)
	at java.awt.Component.dispatchEvent(Unknown Source)
	at java.awt.EventQueue.dispatchEventImpl(Unknown Source)
	at java.awt.EventQueue.access$000(Unknown Source)
	at java.awt.EventQueue$1.run(Unknown Source)
	at java.awt.EventQueue$1.run(Unknown Source)
	at java.security.AccessController.doPrivileged(Native Method)
	at java.security.AccessControlContext$1.doIntersectionPrivilege(Unknown Source)
	at java.security.AccessControlContext$1.doIntersectionPrivilege(Unknown Source)
	at java.awt.EventQueue$2.run(Unknown Source)
	at java.awt.EventQueue$2.run(Unknown Source)
	at java.security.AccessController.doPrivileged(Native Method)
	at java.security.AccessControlContext$1.doIntersectionPrivilege(Unknown Source)
	at java.awt.EventQueue.dispatchEvent(Unknown Source)
	at java.awt.EventDispatchThread.pumpOneEventForFilters(Unknown Source)
	at java.awt.EventDispatchThread.pumpEventsForFilter(Unknown Source)
	at java.awt.EventDispatchThread.pumpEventsForHierarchy(Unknown Source)
	at java.awt.EventDispatchThread.pumpEvents(Unknown Source)
	at java.awt.EventDispatchThread.pumpEvents(Unknown Source)
	at java.awt.EventDispatchThread.run(Unknown Source)
2014-04-22 07:31:32 - com.jida.MvcProperties.loadColumn(MvcProperties.java:909) - java.io.FileNotFoundException: portSetting.ini not exists in E:\Project2014\Project201408\Andi\res
2014-04-22 08:48:49 - com.JDSoftUtil.db.ConnectionPool.<init>(ConnectionPool.java:61) - ConnectionPool created:HMDB,jdbc:mysql://localhost:3306/homeManagerDB?autoReconnect=true
2014-04-22 08:48:55 - com.jida.user.gui.LoginSR4000.changePanel(LoginSR4000.java:328) - Loading...
2014-04-22 08:48:55 - com.jida.user.gui.LoginSR4000.changePanel(LoginSR4000.java:331) - progressThread start
2014-04-22 08:48:55 - com.jida.MvcProperties.loadFile(MvcProperties.java:858) - MvcProperties:initParam:
java.io.FileNotFoundException: portSetting.ini not exists in E:\Project2014\Project201408\Andi\res
	at com.jida.MvcProperties.loadFile(MvcProperties.java:848)
	at com.jida.MvcProperties.loadColumn(MvcProperties.java:900)
	at com.jida.fee.TableModelFee.<init>(TableModelFee.java:59)
	at com.jida.fee.ViewFeeImpl.<init>(ViewFeeImpl.java:65)
	at com.jida.client.Main.init(Main.java:101)
	at com.jida.client.Main.<init>(Main.java:121)
	at com.jida.client.Main.initApplication(Main.java:141)
	at com.jida.user.gui.LoginSR4000.changePanel(LoginSR4000.java:339)
	at com.jida.user.AuthView$1.actionPerformed(AuthView.java:68)
	at javax.swing.AbstractButton.fireActionPerformed(Unknown Source)
	at javax.swing.AbstractButton$Handler.actionPerformed(Unknown Source)
	at javax.swing.DefaultButtonModel.fireActionPerformed(Unknown Source)
	at javax.swing.DefaultButtonModel.setPressed(Unknown Source)
	at javax.swing.AbstractButton.doClick(Unknown Source)
	at javax.swing.plaf.basic.BasicRootPaneUI$Actions.actionPerformed(Unknown Source)
	at javax.swing.SwingUtilities.notifyAction(Unknown Source)
	at javax.swing.JComponent.processKeyBinding(Unknown Source)
	at javax.swing.KeyboardManager.fireBinding(Unknown Source)
	at javax.swing.KeyboardManager.fireKeyboardAction(Unknown Source)
	at javax.swing.JComponent.processKeyBindingsForAllComponents(Unknown Source)
	at javax.swing.JComponent.processKeyBindings(Unknown Source)
	at javax.swing.JComponent.processKeyEvent(Unknown Source)
	at java.awt.Component.processEvent(Unknown Source)
	at java.awt.Container.processEvent(Unknown Source)
	at java.awt.Component.dispatchEventImpl(Unknown Source)
	at java.awt.Container.dispatchEventImpl(Unknown Source)
	at java.awt.Component.dispatchEvent(Unknown Source)
	at java.awt.KeyboardFocusManager.redispatchEvent(Unknown Source)
	at java.awt.DefaultKeyboardFocusManager.dispatchKeyEvent(Unknown Source)
	at java.awt.DefaultKeyboardFocusManager.preDispatchKeyEvent(Unknown Source)
	at java.awt.DefaultKeyboardFocusManager.typeAheadAssertions(Unknown Source)
	at java.awt.DefaultKeyboardFocusManager.dispatchEvent(Unknown Source)
	at java.awt.Component.dispatchEventImpl(Unknown Source)
	at java.awt.Container.dispatchEventImpl(Unknown Source)
	at java.awt.Window.dispatchEventImpl(Unknown Source)
	at java.awt.Component.dispatchEvent(Unknown Source)
	at java.awt.EventQueue.dispatchEventImpl(Unknown Source)
	at java.awt.EventQueue.access$000(Unknown Source)
	at java.awt.EventQueue$1.run(Unknown Source)
	at java.awt.EventQueue$1.run(Unknown Source)
	at java.security.AccessController.doPrivileged(Native Method)
	at java.security.AccessControlContext$1.doIntersectionPrivilege(Unknown Source)
	at java.security.AccessControlContext$1.doIntersectionPrivilege(Unknown Source)
	at java.awt.EventQueue$2.run(Unknown Source)
	at java.awt.EventQueue$2.run(Unknown Source)
	at java.security.AccessController.doPrivileged(Native Method)
	at java.security.AccessControlContext$1.doIntersectionPrivilege(Unknown Source)
	at java.awt.EventQueue.dispatchEvent(Unknown Source)
	at java.awt.EventDispatchThread.pumpOneEventForFilters(Unknown Source)
	at java.awt.EventDispatchThread.pumpEventsForFilter(Unknown Source)
	at java.awt.EventDispatchThread.pumpEventsForHierarchy(Unknown Source)
	at java.awt.EventDispatchThread.pumpEvents(Unknown Source)
	at java.awt.EventDispatchThread.pumpEvents(Unknown Source)
	at java.awt.EventDispatchThread.run(Unknown Source)
2014-04-22 08:48:55 - com.jida.MvcProperties.loadColumn(MvcProperties.java:909) - java.io.FileNotFoundException: portSetting.ini not exists in E:\Project2014\Project201408\Andi\res
2014-04-22 08:52:43 - com.JDSoftUtil.db.ConnectionPool.<init>(ConnectionPool.java:61) - ConnectionPool created:HMDB,jdbc:mysql://localhost:3306/homeManagerDB?autoReconnect=true
2014-04-22 08:52:49 - com.jida.user.gui.LoginSR4000.changePanel(LoginSR4000.java:328) - Loading...
2014-04-22 08:52:49 - com.jida.user.gui.LoginSR4000.changePanel(LoginSR4000.java:331) - progressThread start
2014-04-22 08:52:50 - com.jida.MvcProperties.loadFile(MvcProperties.java:858) - MvcProperties:initParam:
java.io.FileNotFoundException: portSetting.ini not exists in E:\Project2014\Project201408\Andi\res
	at com.jida.MvcProperties.loadFile(MvcProperties.java:848)
	at com.jida.MvcProperties.loadColumn(MvcProperties.java:900)
	at com.jida.fee.TableModelFee.<init>(TableModelFee.java:59)
	at com.jida.fee.ViewFeeImpl.<init>(ViewFeeImpl.java:65)
	at com.jida.client.Main.init(Main.java:101)
	at com.jida.client.Main.<init>(Main.java:121)
	at com.jida.client.Main.initApplication(Main.java:141)
	at com.jida.user.gui.LoginSR4000.changePanel(LoginSR4000.java:339)
	at com.jida.user.AuthView$1.actionPerformed(AuthView.java:68)
	at javax.swing.AbstractButton.fireActionPerformed(Unknown Source)
	at javax.swing.AbstractButton$Handler.actionPerformed(Unknown Source)
	at javax.swing.DefaultButtonModel.fireActionPerformed(Unknown Source)
	at javax.swing.DefaultButtonModel.setPressed(Unknown Source)
	at javax.swing.AbstractButton.doClick(Unknown Source)
	at javax.swing.plaf.basic.BasicRootPaneUI$Actions.actionPerformed(Unknown Source)
	at javax.swing.SwingUtilities.notifyAction(Unknown Source)
	at javax.swing.JComponent.processKeyBinding(Unknown Source)
	at javax.swing.KeyboardManager.fireBinding(Unknown Source)
	at javax.swing.KeyboardManager.fireKeyboardAction(Unknown Source)
	at javax.swing.JComponent.processKeyBindingsForAllComponents(Unknown Source)
	at javax.swing.JComponent.processKeyBindings(Unknown Source)
	at javax.swing.JComponent.processKeyEvent(Unknown Source)
	at java.awt.Component.processEvent(Unknown Source)
	at java.awt.Container.processEvent(Unknown Source)
	at java.awt.Component.dispatchEventImpl(Unknown Source)
	at java.awt.Container.dispatchEventImpl(Unknown Source)
	at java.awt.Component.dispatchEvent(Unknown Source)
	at java.awt.KeyboardFocusManager.redispatchEvent(Unknown Source)
	at java.awt.DefaultKeyboardFocusManager.dispatchKeyEvent(Unknown Source)
	at java.awt.DefaultKeyboardFocusManager.preDispatchKeyEvent(Unknown Source)
	at java.awt.DefaultKeyboardFocusManager.typeAheadAssertions(Unknown Source)
	at java.awt.DefaultKeyboardFocusManager.dispatchEvent(Unknown Source)
	at java.awt.Component.dispatchEventImpl(Unknown Source)
	at java.awt.Container.dispatchEventImpl(Unknown Source)
	at java.awt.Window.dispatchEventImpl(Unknown Source)
	at java.awt.Component.dispatchEvent(Unknown Source)
	at java.awt.EventQueue.dispatchEventImpl(Unknown Source)
	at java.awt.EventQueue.access$000(Unknown Source)
	at java.awt.EventQueue$1.run(Unknown Source)
	at java.awt.EventQueue$1.run(Unknown Source)
	at java.security.AccessController.doPrivileged(Native Method)
	at java.security.AccessControlContext$1.doIntersectionPrivilege(Unknown Source)
	at java.security.AccessControlContext$1.doIntersectionPrivilege(Unknown Source)
	at java.awt.EventQueue$2.run(Unknown Source)
	at java.awt.EventQueue$2.run(Unknown Source)
	at java.security.AccessController.doPrivileged(Native Method)
	at java.security.AccessControlContext$1.doIntersectionPrivilege(Unknown Source)
	at java.awt.EventQueue.dispatchEvent(Unknown Source)
	at java.awt.EventDispatchThread.pumpOneEventForFilters(Unknown Source)
	at java.awt.EventDispatchThread.pumpEventsForFilter(Unknown Source)
	at java.awt.EventDispatchThread.pumpEventsForHierarchy(Unknown Source)
	at java.awt.EventDispatchThread.pumpEvents(Unknown Source)
	at java.awt.EventDispatchThread.pumpEvents(Unknown Source)
	at java.awt.EventDispatchThread.run(Unknown Source)
2014-04-22 08:52:50 - com.jida.MvcProperties.loadColumn(MvcProperties.java:909) - java.io.FileNotFoundException: portSetting.ini not exists in E:\Project2014\Project201408\Andi\res
2014-04-22 08:55:52 - com.JDSoftUtil.db.ConnectionPool.<init>(ConnectionPool.java:61) - ConnectionPool created:HMDB,jdbc:mysql://localhost:3306/homeManagerDB?autoReconnect=true
2014-04-22 08:55:57 - com.jida.user.gui.LoginSR4000.changePanel(LoginSR4000.java:328) - Loading...
2014-04-22 08:55:57 - com.jida.user.gui.LoginSR4000.changePanel(LoginSR4000.java:331) - progressThread start
2014-04-22 08:56:08 - com.jida.MvcProperties.loadFile(MvcProperties.java:858) - MvcProperties:initParam:
java.io.FileNotFoundException: portSetting.ini not exists in E:\Project2014\Project201408\Andi\res
	at com.jida.MvcProperties.loadFile(MvcProperties.java:848)
	at com.jida.MvcProperties.loadColumn(MvcProperties.java:900)
	at com.jida.fee.TableModelFee.<init>(TableModelFee.java:59)
	at com.jida.fee.ViewFeeImpl.<init>(ViewFeeImpl.java:65)
	at com.jida.client.Main.init(Main.java:101)
	at com.jida.client.Main.<init>(Main.java:121)
	at com.jida.client.Main.initApplication(Main.java:141)
	at com.jida.user.gui.LoginSR4000.changePanel(LoginSR4000.java:339)
	at com.jida.user.AuthView$1.actionPerformed(AuthView.java:68)
	at javax.swing.AbstractButton.fireActionPerformed(Unknown Source)
	at javax.swing.AbstractButton$Handler.actionPerformed(Unknown Source)
	at javax.swing.DefaultButtonModel.fireActionPerformed(Unknown Source)
	at javax.swing.DefaultButtonModel.setPressed(Unknown Source)
	at javax.swing.AbstractButton.doClick(Unknown Source)
	at javax.swing.plaf.basic.BasicRootPaneUI$Actions.actionPerformed(Unknown Source)
	at javax.swing.SwingUtilities.notifyAction(Unknown Source)
	at javax.swing.JComponent.processKeyBinding(Unknown Source)
	at javax.swing.KeyboardManager.fireBinding(Unknown Source)
	at javax.swing.KeyboardManager.fireKeyboardAction(Unknown Source)
	at javax.swing.JComponent.processKeyBindingsForAllComponents(Unknown Source)
	at javax.swing.JComponent.processKeyBindings(Unknown Source)
	at javax.swing.JComponent.processKeyEvent(Unknown Source)
	at java.awt.Component.processEvent(Unknown Source)
	at java.awt.Container.processEvent(Unknown Source)
	at java.awt.Component.dispatchEventImpl(Unknown Source)
	at java.awt.Container.dispatchEventImpl(Unknown Source)
	at java.awt.Component.dispatchEvent(Unknown Source)
	at java.awt.KeyboardFocusManager.redispatchEvent(Unknown Source)
	at java.awt.DefaultKeyboardFocusManager.dispatchKeyEvent(Unknown Source)
	at java.awt.DefaultKeyboardFocusManager.preDispatchKeyEvent(Unknown Source)
	at java.awt.DefaultKeyboardFocusManager.typeAheadAssertions(Unknown Source)
	at java.awt.DefaultKeyboardFocusManager.dispatchEvent(Unknown Source)
	at java.awt.Component.dispatchEventImpl(Unknown Source)
	at java.awt.Container.dispatchEventImpl(Unknown Source)
	at java.awt.Window.dispatchEventImpl(Unknown Source)
	at java.awt.Component.dispatchEvent(Unknown Source)
	at java.awt.EventQueue.dispatchEventImpl(Unknown Source)
	at java.awt.EventQueue.access$000(Unknown Source)
	at java.awt.EventQueue$1.run(Unknown Source)
	at java.awt.EventQueue$1.run(Unknown Source)
	at java.security.AccessController.doPrivileged(Native Method)
	at java.security.AccessControlContext$1.doIntersectionPrivilege(Unknown Source)
	at java.security.AccessControlContext$1.doIntersectionPrivilege(Unknown Source)
	at java.awt.EventQueue$2.run(Unknown Source)
	at java.awt.EventQueue$2.run(Unknown Source)
	at java.security.AccessController.doPrivileged(Native Method)
	at java.security.AccessControlContext$1.doIntersectionPrivilege(Unknown Source)
	at java.awt.EventQueue.dispatchEvent(Unknown Source)
	at java.awt.EventDispatchThread.pumpOneEventForFilters(Unknown Source)
	at java.awt.EventDispatchThread.pumpEventsForFilter(Unknown Source)
	at java.awt.EventDispatchThread.pumpEventsForHierarchy(Unknown Source)
	at java.awt.EventDispatchThread.pumpEvents(Unknown Source)
	at java.awt.EventDispatchThread.pumpEvents(Unknown Source)
	at java.awt.EventDispatchThread.run(Unknown Source)
2014-04-22 08:56:08 - com.jida.MvcProperties.loadColumn(MvcProperties.java:909) - java.io.FileNotFoundException: portSetting.ini not exists in E:\Project2014\Project201408\Andi\res
2014-04-22 09:00:35 - com.JDSoftUtil.db.ConnectionPool.<init>(ConnectionPool.java:61) - ConnectionPool created:HMDB,jdbc:mysql://localhost:3306/homeManagerDB?autoReconnect=true
2014-04-22 09:00:40 - com.jida.user.gui.LoginSR4000.changePanel(LoginSR4000.java:328) - Loading...
2014-04-22 09:00:40 - com.jida.user.gui.LoginSR4000.changePanel(LoginSR4000.java:331) - progressThread start
2014-04-22 09:00:40 - com.jida.MvcProperties.loadFile(MvcProperties.java:858) - MvcProperties:initParam:
java.io.FileNotFoundException: portSetting.ini not exists in E:\Project2014\Project201408\Andi\res
	at com.jida.MvcProperties.loadFile(MvcProperties.java:848)
	at com.jida.MvcProperties.loadColumn(MvcProperties.java:900)
	at com.jida.fee.TableModelFee.<init>(TableModelFee.java:59)
	at com.jida.fee.ViewFeeImpl.<init>(ViewFeeImpl.java:65)
	at com.jida.client.Main.init(Main.java:101)
	at com.jida.client.Main.<init>(Main.java:121)
	at com.jida.client.Main.initApplication(Main.java:141)
	at com.jida.user.gui.LoginSR4000.changePanel(LoginSR4000.java:339)
	at com.jida.user.AuthView$1.actionPerformed(AuthView.java:68)
	at javax.swing.AbstractButton.fireActionPerformed(Unknown Source)
	at javax.swing.AbstractButton$Handler.actionPerformed(Unknown Source)
	at javax.swing.DefaultButtonModel.fireActionPerformed(Unknown Source)
	at javax.swing.DefaultButtonModel.setPressed(Unknown Source)
	at javax.swing.AbstractButton.doClick(Unknown Source)
	at javax.swing.plaf.basic.BasicRootPaneUI$Actions.actionPerformed(Unknown Source)
	at javax.swing.SwingUtilities.notifyAction(Unknown Source)
	at javax.swing.JComponent.processKeyBinding(Unknown Source)
	at javax.swing.KeyboardManager.fireBinding(Unknown Source)
	at javax.swing.KeyboardManager.fireKeyboardAction(Unknown Source)
	at javax.swing.JComponent.processKeyBindingsForAllComponents(Unknown Source)
	at javax.swing.JComponent.processKeyBindings(Unknown Source)
	at javax.swing.JComponent.processKeyEvent(Unknown Source)
	at java.awt.Component.processEvent(Unknown Source)
	at java.awt.Container.processEvent(Unknown Source)
	at java.awt.Component.dispatchEventImpl(Unknown Source)
	at java.awt.Container.dispatchEventImpl(Unknown Source)
	at java.awt.Component.dispatchEvent(Unknown Source)
	at java.awt.KeyboardFocusManager.redispatchEvent(Unknown Source)
	at java.awt.DefaultKeyboardFocusManager.dispatchKeyEvent(Unknown Source)
	at java.awt.DefaultKeyboardFocusManager.preDispatchKeyEvent(Unknown Source)
	at java.awt.DefaultKeyboardFocusManager.typeAheadAssertions(Unknown Source)
	at java.awt.DefaultKeyboardFocusManager.dispatchEvent(Unknown Source)
	at java.awt.Component.dispatchEventImpl(Unknown Source)
	at java.awt.Container.dispatchEventImpl(Unknown Source)
	at java.awt.Window.dispatchEventImpl(Unknown Source)
	at java.awt.Component.dispatchEvent(Unknown Source)
	at java.awt.EventQueue.dispatchEventImpl(Unknown Source)
	at java.awt.EventQueue.access$000(Unknown Source)
	at java.awt.EventQueue$1.run(Unknown Source)
	at java.awt.EventQueue$1.run(Unknown Source)
	at java.security.AccessController.doPrivileged(Native Method)
	at java.security.AccessControlContext$1.doIntersectionPrivilege(Unknown Source)
	at java.security.AccessControlContext$1.doIntersectionPrivilege(Unknown Source)
	at java.awt.EventQueue$2.run(Unknown Source)
	at java.awt.EventQueue$2.run(Unknown Source)
	at java.security.AccessController.doPrivileged(Native Method)
	at java.security.AccessControlContext$1.doIntersectionPrivilege(Unknown Source)
	at java.awt.EventQueue.dispatchEvent(Unknown Source)
	at java.awt.EventDispatchThread.pumpOneEventForFilters(Unknown Source)
	at java.awt.EventDispatchThread.pumpEventsForFilter(Unknown Source)
	at java.awt.EventDispatchThread.pumpEventsForHierarchy(Unknown Source)
	at java.awt.EventDispatchThread.pumpEvents(Unknown Source)
	at java.awt.EventDispatchThread.pumpEvents(Unknown Source)
	at java.awt.EventDispatchThread.run(Unknown Source)
2014-04-22 09:00:40 - com.jida.MvcProperties.loadColumn(MvcProperties.java:909) - java.io.FileNotFoundException: portSetting.ini not exists in E:\Project2014\Project201408\Andi\res
2014-04-22 16:30:43 - com.JDSoftUtil.db.ConnectionPool.<init>(ConnectionPool.java:61) - ConnectionPool created:HMDB,jdbc:mysql://localhost:3306/homeManagerDB?autoReconnect=true
2014-04-22 16:36:04 - com.JDSoftUtil.db.ConnectionPool.<init>(ConnectionPool.java:61) - ConnectionPool created:HMDB,jdbc:mysql://localhost:3306/homeManagerDB?autoReconnect=true
2014-04-22 16:36:22 - com.jida.user.gui.LoginSR4000.changePanel(LoginSR4000.java:328) - Loading...
2014-04-22 16:36:22 - com.jida.user.gui.LoginSR4000.changePanel(LoginSR4000.java:331) - progressThread start
2014-04-22 16:36:23 - com.jida.MvcProperties.loadFile(MvcProperties.java:858) - MvcProperties:initParam:
java.io.FileNotFoundException: portSetting.ini not exists in E:\Project2014\Project201408\Andi\res
	at com.jida.MvcProperties.loadFile(MvcProperties.java:848)
	at com.jida.MvcProperties.loadColumn(MvcProperties.java:900)
	at com.jida.fee.TableModelFee.<init>(TableModelFee.java:59)
	at com.jida.fee.ViewFeeImpl.<init>(ViewFeeImpl.java:65)
	at com.jida.client.Main.init(Main.java:101)
	at com.jida.client.Main.<init>(Main.java:121)
	at com.jida.client.Main.initApplication(Main.java:141)
	at com.jida.user.gui.LoginSR4000.changePanel(LoginSR4000.java:339)
	at com.jida.user.AuthView$1.actionPerformed(AuthView.java:68)
	at javax.swing.AbstractButton.fireActionPerformed(Unknown Source)
	at javax.swing.AbstractButton$Handler.actionPerformed(Unknown Source)
	at javax.swing.DefaultButtonModel.fireActionPerformed(Unknown Source)
	at javax.swing.DefaultButtonModel.setPressed(Unknown Source)
	at javax.swing.AbstractButton.doClick(Unknown Source)
	at javax.swing.plaf.basic.BasicRootPaneUI$Actions.actionPerformed(Unknown Source)
	at javax.swing.SwingUtilities.notifyAction(Unknown Source)
	at javax.swing.JComponent.processKeyBinding(Unknown Source)
	at javax.swing.KeyboardManager.fireBinding(Unknown Source)
	at javax.swing.KeyboardManager.fireKeyboardAction(Unknown Source)
	at javax.swing.JComponent.processKeyBindingsForAllComponents(Unknown Source)
	at javax.swing.JComponent.processKeyBindings(Unknown Source)
	at javax.swing.JComponent.processKeyEvent(Unknown Source)
	at java.awt.Component.processEvent(Unknown Source)
	at java.awt.Container.processEvent(Unknown Source)
	at java.awt.Component.dispatchEventImpl(Unknown Source)
	at java.awt.Container.dispatchEventImpl(Unknown Source)
	at java.awt.Component.dispatchEvent(Unknown Source)
	at java.awt.KeyboardFocusManager.redispatchEvent(Unknown Source)
	at java.awt.DefaultKeyboardFocusManager.dispatchKeyEvent(Unknown Source)
	at java.awt.DefaultKeyboardFocusManager.preDispatchKeyEvent(Unknown Source)
	at java.awt.DefaultKeyboardFocusManager.typeAheadAssertions(Unknown Source)
	at java.awt.DefaultKeyboardFocusManager.dispatchEvent(Unknown Source)
	at java.awt.Component.dispatchEventImpl(Unknown Source)
	at java.awt.Container.dispatchEventImpl(Unknown Source)
	at java.awt.Window.dispatchEventImpl(Unknown Source)
	at java.awt.Component.dispatchEvent(Unknown Source)
	at java.awt.EventQueue.dispatchEventImpl(Unknown Source)
	at java.awt.EventQueue.access$000(Unknown Source)
	at java.awt.EventQueue$1.run(Unknown Source)
	at java.awt.EventQueue$1.run(Unknown Source)
	at java.security.AccessController.doPrivileged(Native Method)
	at java.security.AccessControlContext$1.doIntersectionPrivilege(Unknown Source)
	at java.security.AccessControlContext$1.doIntersectionPrivilege(Unknown Source)
	at java.awt.EventQueue$2.run(Unknown Source)
	at java.awt.EventQueue$2.run(Unknown Source)
	at java.security.AccessController.doPrivileged(Native Method)
	at java.security.AccessControlContext$1.doIntersectionPrivilege(Unknown Source)
	at java.awt.EventQueue.dispatchEvent(Unknown Source)
	at java.awt.EventDispatchThread.pumpOneEventForFilters(Unknown Source)
	at java.awt.EventDispatchThread.pumpEventsForFilter(Unknown Source)
	at java.awt.EventDispatchThread.pumpEventsForHierarchy(Unknown Source)
	at java.awt.EventDispatchThread.pumpEvents(Unknown Source)
	at java.awt.EventDispatchThread.pumpEvents(Unknown Source)
	at java.awt.EventDispatchThread.run(Unknown Source)
2014-04-22 16:36:23 - com.jida.MvcProperties.loadColumn(MvcProperties.java:909) - java.io.FileNotFoundException: portSetting.ini not exists in E:\Project2014\Project201408\Andi\res
2014-04-22 16:39:13 - com.JDSoftUtil.db.ConnectionPool.<init>(ConnectionPool.java:61) - ConnectionPool created:HMDB,jdbc:mysql://localhost:3306/homeManagerDB?autoReconnect=true
2014-04-22 16:39:19 - com.jida.user.gui.LoginSR4000.changePanel(LoginSR4000.java:328) - Loading...
2014-04-22 16:39:19 - com.jida.user.gui.LoginSR4000.changePanel(LoginSR4000.java:331) - progressThread start
2014-04-22 16:39:19 - com.jida.MvcProperties.loadFile(MvcProperties.java:858) - MvcProperties:initParam:
java.io.FileNotFoundException: portSetting.ini not exists in E:\Project2014\Project201408\Andi\res
	at com.jida.MvcProperties.loadFile(MvcProperties.java:848)
	at com.jida.MvcProperties.loadColumn(MvcProperties.java:900)
	at com.jida.fee.TableModelFee.<init>(TableModelFee.java:59)
	at com.jida.fee.ViewFeeImpl.<init>(ViewFeeImpl.java:65)
	at com.jida.client.Main.init(Main.java:101)
	at com.jida.client.Main.<init>(Main.java:121)
	at com.jida.client.Main.initApplication(Main.java:141)
	at com.jida.user.gui.LoginSR4000.changePanel(LoginSR4000.java:339)
	at com.jida.user.AuthView$1.actionPerformed(AuthView.java:68)
	at javax.swing.AbstractButton.fireActionPerformed(Unknown Source)
	at javax.swing.AbstractButton$Handler.actionPerformed(Unknown Source)
	at javax.swing.DefaultButtonModel.fireActionPerformed(Unknown Source)
	at javax.swing.DefaultButtonModel.setPressed(Unknown Source)
	at javax.swing.AbstractButton.doClick(Unknown Source)
	at javax.swing.plaf.basic.BasicRootPaneUI$Actions.actionPerformed(Unknown Source)
	at javax.swing.SwingUtilities.notifyAction(Unknown Source)
	at javax.swing.JComponent.processKeyBinding(Unknown Source)
	at javax.swing.KeyboardManager.fireBinding(Unknown Source)
	at javax.swing.KeyboardManager.fireKeyboardAction(Unknown Source)
	at javax.swing.JComponent.processKeyBindingsForAllComponents(Unknown Source)
	at javax.swing.JComponent.processKeyBindings(Unknown Source)
	at javax.swing.JComponent.processKeyEvent(Unknown Source)
	at java.awt.Component.processEvent(Unknown Source)
	at java.awt.Container.processEvent(Unknown Source)
	at java.awt.Component.dispatchEventImpl(Unknown Source)
	at java.awt.Container.dispatchEventImpl(Unknown Source)
	at java.awt.Component.dispatchEvent(Unknown Source)
	at java.awt.KeyboardFocusManager.redispatchEvent(Unknown Source)
	at java.awt.DefaultKeyboardFocusManager.dispatchKeyEvent(Unknown Source)
	at java.awt.DefaultKeyboardFocusManager.preDispatchKeyEvent(Unknown Source)
	at java.awt.DefaultKeyboardFocusManager.typeAheadAssertions(Unknown Source)
	at java.awt.DefaultKeyboardFocusManager.dispatchEvent(Unknown Source)
	at java.awt.Component.dispatchEventImpl(Unknown Source)
	at java.awt.Container.dispatchEventImpl(Unknown Source)
	at java.awt.Window.dispatchEventImpl(Unknown Source)
	at java.awt.Component.dispatchEvent(Unknown Source)
	at java.awt.EventQueue.dispatchEventImpl(Unknown Source)
	at java.awt.EventQueue.access$000(Unknown Source)
	at java.awt.EventQueue$1.run(Unknown Source)
	at java.awt.EventQueue$1.run(Unknown Source)
	at java.security.AccessController.doPrivileged(Native Method)
	at java.security.AccessControlContext$1.doIntersectionPrivilege(Unknown Source)
	at java.security.AccessControlContext$1.doIntersectionPrivilege(Unknown Source)
	at java.awt.EventQueue$2.run(Unknown Source)
	at java.awt.EventQueue$2.run(Unknown Source)
	at java.security.AccessController.doPrivileged(Native Method)
	at java.security.AccessControlContext$1.doIntersectionPrivilege(Unknown Source)
	at java.awt.EventQueue.dispatchEvent(Unknown Source)
	at java.awt.EventDispatchThread.pumpOneEventForFilters(Unknown Source)
	at java.awt.EventDispatchThread.pumpEventsForFilter(Unknown Source)
	at java.awt.EventDispatchThread.pumpEventsForHierarchy(Unknown Source)
	at java.awt.EventDispatchThread.pumpEvents(Unknown Source)
	at java.awt.EventDispatchThread.pumpEvents(Unknown Source)
	at java.awt.EventDispatchThread.run(Unknown Source)
2014-04-22 16:39:19 - com.jida.MvcProperties.loadColumn(MvcProperties.java:909) - java.io.FileNotFoundException: portSetting.ini not exists in E:\Project2014\Project201408\Andi\res
